<?xml version="1.0" encoding="UTF-8"?>
<testsuite name="NumerosEnterosTest" tests="1" skipped="0" failures="0" errors="0" timestamp="2022-11-04T01:22:16" hostname="DESKTOP-RV2M5EP" time="0.09">
  <properties/>
  <testcase name="intercambiarTest()" classname="NumerosEnterosTest" time="0.09"/>
  <system-out><![CDATA[]]></system-out>
  <system-err><![CDATA[]]></system-err>
</testsuite>
